2025-09-10 16:56:18,280 - data_preprocessing - DEBUG - Data loaded properly
2025-09-10 16:56:18,280 - data_preprocessing - DEBUG - Starting preprocessing for DataFrame
2025-09-10 16:56:18,282 - data_preprocessing - DEBUG - Target column encoded
2025-09-10 16:56:18,295 - data_preprocessing - DEBUG - Duplicates removed
2025-09-10 16:56:18,302 - data_preprocessing - ERROR - Error during text normalization: 
**********************************************************************
  Resource [93mpunkt_tab[0m not found.
  Please use the NLTK Downloader to obtain the resource:

  [31m>>> import nltk
  >>> nltk.download('punkt_tab')
  [0m
  For more information see: https://www.nltk.org/data.html

  Attempted to load [93mtokenizers/punkt_tab/english/[0m

  Searched in:
    - 'C:\\Users\\saroh/nltk_data'
    - 'F:\\MLOPS\\myenv\\nltk_data'
    - 'F:\\MLOPS\\myenv\\share\\nltk_data'
    - 'F:\\MLOPS\\myenv\\lib\\nltk_data'
    - 'C:\\Users\\saroh\\AppData\\Roaming\\nltk_data'
    - 'C:\\nltk_data'
    - 'D:\\nltk_data'
    - 'E:\\nltk_data'
**********************************************************************

2025-09-10 16:56:18,303 - data_preprocessing - ERROR - Failed to complete the data transformation process: 
**********************************************************************
  Resource [93mpunkt_tab[0m not found.
  Please use the NLTK Downloader to obtain the resource:

  [31m>>> import nltk
  >>> nltk.download('punkt_tab')
  [0m
  For more information see: https://www.nltk.org/data.html

  Attempted to load [93mtokenizers/punkt_tab/english/[0m

  Searched in:
    - 'C:\\Users\\saroh/nltk_data'
    - 'F:\\MLOPS\\myenv\\nltk_data'
    - 'F:\\MLOPS\\myenv\\share\\nltk_data'
    - 'F:\\MLOPS\\myenv\\lib\\nltk_data'
    - 'C:\\Users\\saroh\\AppData\\Roaming\\nltk_data'
    - 'C:\\nltk_data'
    - 'D:\\nltk_data'
    - 'E:\\nltk_data'
**********************************************************************

2025-09-10 17:02:41,353 - data_preprocessing - DEBUG - Data loaded properly
2025-09-10 17:02:41,353 - data_preprocessing - DEBUG - Starting preprocessing for DataFrame
2025-09-10 17:02:41,355 - data_preprocessing - DEBUG - Target column encoded
2025-09-10 17:02:41,357 - data_preprocessing - DEBUG - Duplicates removed
2025-09-10 17:03:22,007 - data_preprocessing - DEBUG - Text column transformed
2025-09-10 17:03:22,007 - data_preprocessing - DEBUG - Starting preprocessing for DataFrame
2025-09-10 17:03:22,007 - data_preprocessing - DEBUG - Target column encoded
2025-09-10 17:03:22,009 - data_preprocessing - DEBUG - Duplicates removed
2025-09-10 17:03:26,792 - data_preprocessing - DEBUG - Text column transformed
2025-09-10 17:03:26,803 - data_preprocessing - DEBUG - Processed data saved to ./data\interim
2025-09-11 18:02:16,757 - data_preprocessing - DEBUG - Data loaded properly
2025-09-11 18:02:16,757 - data_preprocessing - DEBUG - Starting preprocessing for DataFrame
2025-09-11 18:02:16,760 - data_preprocessing - DEBUG - Target column encoded
2025-09-11 18:02:16,767 - data_preprocessing - DEBUG - Duplicates removed
2025-09-11 18:02:52,024 - data_preprocessing - DEBUG - Text column transformed
2025-09-11 18:02:52,025 - data_preprocessing - DEBUG - Starting preprocessing for DataFrame
2025-09-11 18:02:52,027 - data_preprocessing - DEBUG - Target column encoded
2025-09-11 18:02:52,029 - data_preprocessing - DEBUG - Duplicates removed
2025-09-11 18:03:00,874 - data_preprocessing - DEBUG - Text column transformed
2025-09-11 18:03:00,886 - data_preprocessing - DEBUG - Processed data saved to ./data\interim
